# JRE version: OpenJDK Runtime Environment (8.0_212-b04) (build 1.8.0_212-b04)
# Java VM: OpenJDK 64-Bit Server VM (25.212-b04 mixed mode bsd-amd64 compressed oops)
Heap:
 PSYoungGen      total 153088K, used 18421K [0x00000007b5580000, 0x00000007c0000000, 0x00000007c0000000)
  eden space 131584K, 14% used [0x00000007b5580000,0x00000007b677d770,0x00000007bd600000)
  from space 21504K, 0% used [0x00000007beb00000,0x00000007beb00000,0x00000007c0000000)
  to   space 21504K, 0% used [0x00000007bd600000,0x00000007bd600000,0x00000007beb00000)
 ParOldGen       total 349696K, used 2832K [0x00000007a0000000, 0x00000007b5580000, 0x00000007b5580000)
  object space 349696K, 0% used [0x00000007a0000000,0x00000007a02c4218,0x00000007b5580000)
 Metaspace       used 9066K, capacity 9402K, committed 9472K, reserved 1056768K
  class space    used 1129K, capacity 1251K, committed 1280K, reserved 1048576K
GC Heap History (10 events):
Event: 1.008 GC heap before
{Heap before GC invocations=195 (full 97):
 PSYoungGen      total 153088K, used 5263K [0x00000007b5580000, 0x00000007c0000000, 0x00000007c0000000)
  eden space 131584K, 4% used [0x00000007b5580000,0x00000007b5aa3d88,0x00000007bd600000)
  from space 21504K, 0% used [0x00000007bd600000,0x00000007bd600000,0x00000007beb00000)
  to   space 21504K, 0% used [0x00000007beb00000,0x00000007beb00000,0x00000007c0000000)
 ParOldGen       total 349696K, used 2815K [0x00000007a0000000, 0x00000007b5580000, 0x00000007b5580000)
  object space 349696K, 0% used [0x00000007a0000000,0x00000007a02bff48,0x00000007b5580000)
 Metaspace       used 8857K, capacity 9114K, committed 9216K, reserved 1056768K
  class space    used 1104K, capacity 1207K, committed 1280K, reserved 1048576K
Event: 1.008 GC heap after
Heap after GC invocations=195 (full 97):
 PSYoungGen      total 153088K, used 256K [0x00000007b5580000, 0x00000007c0000000, 0x00000007c0000000)
  eden space 131584K, 0% used [0x00000007b5580000,0x00000007b5580000,0x00000007bd600000)
  from space 21504K, 1% used [0x00000007beb00000,0x00000007beb40000,0x00000007c0000000)
  to   space 21504K, 0% used [0x00000007bd600000,0x00000007bd600000,0x00000007beb00000)
 ParOldGen       total 349696K, used 2815K [0x00000007a0000000, 0x00000007b5580000, 0x00000007b5580000)
  object space 349696K, 0% used [0x00000007a0000000,0x00000007a02bff48,0x00000007b5580000)
 Metaspace       used 8857K, capacity 9114K, committed 9216K, reserved 1056768K
  class space    used 1104K, capacity 1207K, committed 1280K, reserved 1048576K
}
Event: 1.008 GC heap before
{Heap before GC invocations=196 (full 97):
 PSYoungGen      total 153088K, used 5519K [0x00000007b5580000, 0x00000007c0000000, 0x00000007c0000000)
  eden space 131584K, 4% used [0x00000007b5580000,0x00000007b5aa3d80,0x00000007bd600000)
  from space 21504K, 1% used [0x00000007beb00000,0x00000007beb40000,0x00000007c0000000)
  to   space 21504K, 0% used [0x00000007bd600000,0x00000007bd600000,0x00000007beb00000)
 ParOldGen       total 349696K, used 2815K [0x00000007a0000000, 0x00000007b5580000, 0x00000007b5580000)
  object space 349696K, 0% used [0x00000007a0000000,0x00000007a02bff48,0x00000007b5580000)
 Metaspace       used 8868K, capacity 9114K, committed 9216K, reserved 1056768K
  class space    used 1105K, capacity 1207K, committed 1280K, reserved 1048576K
Event: 1.009 GC heap after
Heap after GC invocations=196 (full 97):
 PSYoungGen      total 153088K, used 192K [0x00000007b5580000, 0x00000007c0000000, 0x00000007c0000000)
  eden space 131584K, 0% used [0x00000007b5580000,0x00000007b5580000,0x00000007bd600000)
  from space 21504K, 0% used [0x00000007bd600000,0x00000007bd630000,0x00000007beb00000)
  to   space 21504K, 0% used [0x00000007beb00000,0x00000007beb00000,0x00000007c0000000)
 ParOldGen       total 349696K, used 2815K [0x00000007a0000000, 0x00000007b5580000, 0x00000007b5580000)
  object space 349696K, 0% used [0x00000007a0000000,0x00000007a02bff48,0x00000007b5580000)
 Metaspace       used 8868K, capacity 9114K, committed 9216K, reserved 1056768K
  class space    used 1105K, capacity 1207K, committed 1280K, reserved 1048576K
}
Event: 1.009 GC heap before
{Heap before GC invocations=197 (full 98):
 PSYoungGen      total 153088K, used 192K [0x00000007b5580000, 0x00000007c0000000, 0x00000007c0000000)
  eden space 131584K, 0% used [0x00000007b5580000,0x00000007b5580000,0x00000007bd600000)
  from space 21504K, 0% used [0x00000007bd600000,0x00000007bd630000,0x00000007beb00000)
  to   space 21504K, 0% used [0x00000007beb00000,0x00000007beb00000,0x00000007c0000000)
 ParOldGen       total 349696K, used 2815K [0x00000007a0000000, 0x00000007b5580000, 0x00000007b5580000)
  object space 349696K, 0% used [0x00000007a0000000,0x00000007a02bff48,0x00000007b5580000)
 Metaspace       used 8868K, capacity 9114K, committed 9216K, reserved 1056768K
  class space    used 1105K, capacity 1207K, committed 1280K, reserved 1048576K
Event: 1.019 GC heap after
Heap after GC invocations=197 (full 98):
 PSYoungGen      total 153088K, used 0K [0x00000007b5580000, 0x00000007c0000000, 0x00000007c0000000)
  eden space 131584K, 0% used [0x00000007b5580000,0x00000007b5580000,0x00000007bd600000)
  from space 21504K, 0% used [0x00000007bd600000,0x00000007bd600000,0x00000007beb00000)
  to   space 21504K, 0% used [0x00000007beb00000,0x00000007beb00000,0x00000007c0000000)
 ParOldGen       total 349696K, used 2837K [0x00000007a0000000, 0x00000007b5580000, 0x00000007b5580000)
  object space 349696K, 0% used [0x00000007a0000000,0x00000007a02c5540,0x00000007b5580000)
 Metaspace       used 8868K, capacity 9114K, committed 9216K, reserved 1056768K
  class space    used 1105K, capacity 1207K, committed 1280K, reserved 1048576K
}
Event: 1.019 GC heap before
{Heap before GC invocations=198 (full 98):
 PSYoungGen      total 153088K, used 5263K [0x00000007b5580000, 0x00000007c0000000, 0x00000007c0000000)
  eden space 131584K, 4% used [0x00000007b5580000,0x00000007b5aa3d88,0x00000007bd600000)
  from space 21504K, 0% used [0x00000007bd600000,0x00000007bd600000,0x00000007beb00000)
  to   space 21504K, 0% used [0x00000007beb00000,0x00000007beb00000,0x00000007c0000000)
 ParOldGen       total 349696K, used 2837K [0x00000007a0000000, 0x00000007b5580000, 0x00000007b5580000)
  object space 349696K, 0% used [0x00000007a0000000,0x00000007a02c5540,0x00000007b5580000)
 Metaspace       used 8868K, capacity 9114K, committed 9216K, reserved 1056768K
  class space    used 1105K, capacity 1207K, committed 1280K, reserved 1048576K
Event: 1.020 GC heap after
Heap after GC invocations=198 (full 98):
 PSYoungGen      total 153088K, used 160K [0x00000007b5580000, 0x00000007c0000000, 0x00000007c0000000)
  eden space 131584K, 0% used [0x00000007b5580000,0x00000007b5580000,0x00000007bd600000)
  from space 21504K, 0% used [0x00000007beb00000,0x00000007beb28000,0x00000007c0000000)
  to   space 21504K, 0% used [0x00000007bd600000,0x00000007bd600000,0x00000007beb00000)
 ParOldGen       total 349696K, used 2837K [0x00000007a0000000, 0x00000007b5580000, 0x00000007b5580000)
  object space 349696K, 0% used [0x00000007a0000000,0x00000007a02c5540,0x00000007b5580000)
 Metaspace       used 8868K, capacity 9114K, committed 9216K, reserved 1056768K
  class space    used 1105K, capacity 1207K, committed 1280K, reserved 1048576K
}
Event: 1.020 GC heap before
{Heap before GC invocations=199 (full 99):
 PSYoungGen      total 153088K, used 160K [0x00000007b5580000, 0x00000007c0000000, 0x00000007c0000000)
  eden space 131584K, 0% used [0x00000007b5580000,0x00000007b5580000,0x00000007bd600000)
  from space 21504K, 0% used [0x00000007beb00000,0x00000007beb28000,0x00000007c0000000)
  to   space 21504K, 0% used [0x00000007bd600000,0x00000007bd600000,0x00000007beb00000)
 ParOldGen       total 349696K, used 2837K [0x00000007a0000000, 0x00000007b5580000, 0x00000007b5580000)
  object space 349696K, 0% used [0x00000007a0000000,0x00000007a02c5540,0x00000007b5580000)
 Metaspace       used 8868K, capacity 9114K, committed 9216K, reserved 1056768K
  class space    used 1105K, capacity 1207K, committed 1280K, reserved 1048576K
Event: 1.026 GC heap after
Heap after GC invocations=199 (full 99):
 PSYoungGen      total 153088K, used 0K [0x00000007b5580000, 0x00000007c0000000, 0x00000007c0000000)
  eden space 131584K, 0% used [0x00000007b5580000,0x00000007b5580000,0x00000007bd600000)
  from space 21504K, 0% used [0x00000007beb00000,0x00000007beb00000,0x00000007c0000000)
  to   space 21504K, 0% used [0x00000007bd600000,0x00000007bd600000,0x00000007beb00000)
 ParOldGen       total 349696K, used 2832K [0x00000007a0000000, 0x00000007b5580000, 0x00000007b5580000)
  object space 349696K, 0% used [0x00000007a0000000,0x00000007a02c4218,0x00000007b5580000)
 Metaspace       used 8868K, capacity 9114K, committed 9216K, reserved 1056768K
  class space    used 1105K, capacity 1207K, committed 1280K, reserved 1048576K
}

